<?xml version="1.0" encoding="UTF-8"?>
<testsuite name="main.MainTest" tests="1" skipped="0" failures="0" errors="0" timestamp="2025-02-19T05:24:09" hostname="LAPTOP-TMH7V7IT" time="0.027">
  <properties/>
  <testcase name="mainRunsOK()" classname="main.MainTest" time="0.027"/>
  <system-out><![CDATA[]]></system-out>
  <system-err><![CDATA[]]></system-err>
</testsuite>
